[2019-12-27 00:02:10,843] [INFO]  Index: "9" Node: "{'begin': '0:00:00.000', 'duration': 109.2, 'in': 0, 'out': 109.2, 'source': '/mnt/kurrenttv_01/media.dir/trailers/decay_trailer.mov'}"
[2019-12-27 00:02:10,843] [INFO]  Play: "/mnt/kurrenttv_01/media.dir/trailers/decay_trailer.mov"
[2019-12-27 00:03:55,895] [INFO]  Index: "10" Node: "{'begin': '0:00:00.000', 'duration': 1, 'in': 0, 'out': 1, 'source': '/mnt/kurrenttv_01/media.dir/jingles/short15.mov'}"
[2019-12-27 00:03:55,895] [INFO]  Play: "/mnt/kurrenttv_01/media.dir/jingles/short15.mov"
[2019-12-27 00:03:56,922] [INFO]  Index: "11" Node: "{'begin': '0:00:00.000', 'duration': 53.081, 'in': 0, 'out': 53.081, 'source': '/mnt/kurrenttv_01/media.dir/trailers/zenith_trailer.mov'}"
[2019-12-27 00:03:56,922] [INFO]  Play: "/mnt/kurrenttv_01/media.dir/trailers/zenith_trailer.mov"
[2019-12-27 00:04:48,286] [INFO]  Index: "12" Node: "{'begin': '0:00:00.000', 'duration': 0.72, 'in': 0, 'out': 0.72, 'source': '/mnt/kurrenttv_01/media.dir/jingles/short16.mov'}"
[2019-12-27 00:04:48,286] [INFO]  Play: "/mnt/kurrenttv_01/media.dir/jingles/short16.mov"
[2019-12-27 00:04:49,009] [INFO]  Index: "13" Node: "{'begin': '0:00:00.000', 'duration': 138.29, 'in': 0, 'out': 138.29, 'source': '/mnt/kurrenttv_01/media.dir/trailers/a_thousand_suns_trailer.mov'}"
[2019-12-27 00:04:49,010] [INFO]  Play: "/mnt/kurrenttv_01/media.dir/trailers/a_thousand_suns_trailer.mov"
[2019-12-27 00:07:04,492] [INFO]  Index: "14" Node: "{'begin': '0:00:00.000', 'duration': 0.52, 'in': 0, 'out': 0.52, 'source': '/mnt/kurrenttv_01/media.dir/jingles/short04.mov'}"
[2019-12-27 00:07:04,492] [INFO]  Play: "/mnt/kurrenttv_01/media.dir/jingles/short04.mov"
[2019-12-27 00:07:05,021] [INFO]  Index: "15" Node: "{'begin': '0:00:00.000', 'duration': 0.72, 'in': 0, 'out': 0.72, 'source': '/mnt/kurrenttv_01/media.dir/jingles/short09.mov'}"
[2019-12-27 00:07:05,021] [INFO]  Play: "/mnt/kurrenttv_01/media.dir/jingles/short09.mov"
[2019-12-27 00:07:05,800] [INFO]  Index: "16" Node: "{'begin': '0:00:00.000', 'duration': 1, 'in': 0, 'out': 1, 'source': '/mnt/kurrenttv_01/media.dir/jingles/short14.mov'}"
[2019-12-27 00:07:05,801] [INFO]  Play: "/mnt/kurrenttv_01/media.dir/jingles/short14.mov"
[2019-12-27 00:07:06,773] [INFO]  Index: "17" Node: "{'begin': '0:00:00.000', 'duration': 0.48, 'in': 0, 'out': 0.48, 'source': '/mnt/kurrenttv_01/media.dir/jingles/short12.mov'}"
[2019-12-27 00:07:06,773] [INFO]  Play: "/mnt/kurrenttv_01/media.dir/jingles/short12.mov"
[2019-12-27 00:07:07,329] [INFO]  Index: "18" Node: "{'begin': '0:00:00.000', 'duration': 1, 'in': 0, 'out': 1, 'source': '/mnt/kurrenttv_01/media.dir/jingles/short13.mov'}"
[2019-12-27 00:07:07,330] [INFO]  Play: "/mnt/kurrenttv_01/media.dir/jingles/short13.mov"
[2019-12-27 00:07:08,349] [INFO]  Index: "19" Node: "{'begin': '0:00:00.000', 'duration': 1, 'in': 0, 'out': 1, 'source': '/mnt/kurrenttv_01/media.dir/jingles/short06.mov'}"
[2019-12-27 00:07:08,349] [INFO]  Play: "/mnt/kurrenttv_01/media.dir/jingles/short06.mov"
[2019-12-27 00:07:09,317] [INFO]  Index: "20" Node: "{'begin': '0:00:00.000', 'duration': 0.96, 'in': 0, 'out': 0.96, 'source': '/mnt/kurrenttv_01/media.dir/jingles/short05.mov'}"
[2019-12-27 00:07:09,317] [INFO]  Play: "/mnt/kurrenttv_01/media.dir/jingles/short05.mov"
[2019-12-27 00:07:10,329] [INFO]  Index: "21" Node: "{'begin': '0:00:00.000', 'duration': 50.12, 'in': 0, 'out': 50.12, 'source': '/mnt/kurrenttv_01/media.dir/trailers/sintel_trailer.mov'}"
[2019-12-27 00:07:10,329] [INFO]  Play: "/mnt/kurrenttv_01/media.dir/trailers/sintel_trailer.mov"
[2019-12-27 00:07:57,278] [INFO]  Index: "22" Node: "{'begin': '0:00:00.000', 'duration': 109.2, 'in': 0, 'out': 109.2, 'source': '/mnt/kurrenttv_01/media.dir/trailers/decay_trailer.mov'}"
[2019-12-27 00:07:57,279] [INFO]  Play: "/mnt/kurrenttv_01/media.dir/trailers/decay_trailer.mov"
[2019-12-27 00:09:40,390] [INFO]  Index: "23" Node: "{'begin': '0:00:00.000', 'duration': 77.685, 'in': 0, 'out': 77.685, 'source': '/mnt/kurrenttv_01/media.dir/trailers/gooseberry_project_teaser.mov'}"
[2019-12-27 00:09:40,390] [INFO]  Play: "/mnt/kurrenttv_01/media.dir/trailers/gooseberry_project_teaser.mov"
[2019-12-27 00:10:53,524] [INFO]  Index: "24" Node: "{'begin': '0:00:00.000', 'duration': 704.8, 'in': 0, 'out': 704.8, 'source': '/mnt/kurrenttv_01/media.dir/movies/tears_of_steel.mov'}"
[2019-12-27 00:10:53,524] [INFO]  Play: "/mnt/kurrenttv_01/media.dir/movies/tears_of_steel.mov"
[2019-12-27 00:22:31,030] [INFO]  Index: "25" Node: "{'begin': '0:00:00.000', 'duration': 1, 'in': 0, 'out': 1, 'source': '/mnt/kurrenttv_01/media.dir/jingles/short14.mov'}"
[2019-12-27 00:22:31,032] [INFO]  Play: "/mnt/kurrenttv_01/media.dir/jingles/short14.mov"
[2019-12-27 00:22:32,040] [INFO]  Index: "26" Node: "{'begin': '0:00:00.000', 'duration': 619.08, 'in': 0, 'out': 619.08, 'source': '/mnt/kurrenttv_01/media.dir/movies/schroedingers_room.mov'}"
[2019-12-27 00:22:32,040] [INFO]  Play: "/mnt/kurrenttv_01/media.dir/movies/schroedingers_room.mov"
[2019-12-27 00:32:15,756] [INFO]  Index: "27" Node: "{'begin': '0:00:00.000', 'duration': 5374.018, 'in': 0, 'out': 5374.018, 'source': '/mnt/kurrenttv_01/media.dir/movies/home.mov'}"
[2019-12-27 00:32:15,772] [INFO]  Play: "/mnt/kurrenttv_01/media.dir/movies/home.mov"
[2019-12-27 02:01:54,304] [INFO]  Index: "28" Node: "{'begin': '0:00:00.000', 'duration': 1.24, 'in': 0, 'out': 1.24, 'source': '/mnt/kurrenttv_01/media.dir/jingles/short08.mov'}"
[2019-12-27 02:01:54,305] [INFO]  Play: "/mnt/kurrenttv_01/media.dir/jingles/short08.mov"
[2019-12-27 02:01:55,582] [INFO]  Index: "29" Node: "{'begin': '0:00:00.000', 'duration': 1489.21, 'in': 0, 'out': 1489.21, 'source': '/mnt/kurrenttv_01/media.dir/movies/habitantes_de_babel.mov'}"
[2019-12-27 02:01:55,582] [INFO]  Play: "/mnt/kurrenttv_01/media.dir/movies/habitantes_de_babel.mov"
[2019-12-27 02:25:37,159] [INFO]  Index: "30" Node: "{'begin': '0:00:00.000', 'duration': 91.36, 'in': 0, 'out': 91.36, 'source': '/mnt/kurrenttv_01/media.dir/trailers/l5_trailer.mov'}"
[2019-12-27 02:25:37,160] [INFO]  Play: "/mnt/kurrenttv_01/media.dir/trailers/l5_trailer.mov"
[2019-12-27 02:27:03,524] [INFO]  Index: "31" Node: "{'begin': '0:00:00.000', 'duration': 280.22, 'in': 0, 'out': 280.22, 'source': '/mnt/kurrenttv_01/media.dir/movies/open_source_explained.mov'}"
[2019-12-27 02:27:03,524] [INFO]  Play: "/mnt/kurrenttv_01/media.dir/movies/open_source_explained.mov"
[2019-12-27 02:31:40,679] [INFO]  Index: "32" Node: "{'begin': '0:00:00.000', 'duration': 280.22, 'in': 0, 'out': 280.22, 'source': '/mnt/kurrenttv_01/media.dir/movies/open_source_explained.mov'}"
[2019-12-27 02:31:40,680] [INFO]  Play: "/mnt/kurrenttv_01/media.dir/movies/open_source_explained.mov"
[2019-12-27 02:36:11,821] [INFO]  Index: "33" Node: "{'begin': '0:00:00.000', 'duration': 166.4, 'in': 0, 'out': 166.4, 'source': '/mnt/kurrenttv_01/media.dir/movies/fsf_30.mov'}"
[2019-12-27 02:36:11,822] [INFO]  Play: "/mnt/kurrenttv_01/media.dir/movies/fsf_30.mov"
[2019-12-27 02:38:46,508] [INFO]  Index: "34" Node: "{'begin': '0:00:00.000', 'duration': 1, 'in': 0, 'out': 1, 'source': '/mnt/kurrenttv_01/media.dir/jingles/short13.mov'}"
[2019-12-27 02:38:46,508] [INFO]  Play: "/mnt/kurrenttv_01/media.dir/jingles/short13.mov"
[2019-12-27 02:38:47,535] [INFO]  Index: "35" Node: "{'begin': '0:00:00.000', 'duration': 3.36, 'in': 0, 'out': 3.36, 'source': '/mnt/kurrenttv_01/media.dir/jingles/tech_short1.mov'}"
[2019-12-27 02:38:47,535] [INFO]  Play: "/mnt/kurrenttv_01/media.dir/jingles/tech_short1.mov"
[2019-12-27 02:38:51,043] [INFO]  Index: "36" Node: "{'begin': '0:00:00.000', 'duration': 1.24, 'in': 0, 'out': 1.24, 'source': '/mnt/kurrenttv_01/media.dir/jingles/short08.mov'}"
[2019-12-27 02:38:51,043] [INFO]  Play: "/mnt/kurrenttv_01/media.dir/jingles/short08.mov"
[2019-12-27 02:38:52,313] [INFO]  Index: "37" Node: "{'begin': '0:00:00.000', 'duration': 0.72, 'in': 0, 'out': 0.72, 'source': '/mnt/kurrenttv_01/media.dir/jingles/short17.mov'}"
[2019-12-27 02:38:52,313] [INFO]  Play: "/mnt/kurrenttv_01/media.dir/jingles/short17.mov"
[2019-12-27 02:38:53,134] [INFO]  Index: "38" Node: "{'begin': '0:00:00.000', 'duration': 166.4, 'in': 0, 'out': 166.4, 'source': '/mnt/kurrenttv_01/media.dir/movies/fsf_30.mov'}"
[2019-12-27 02:38:53,134] [INFO]  Play: "/mnt/kurrenttv_01/media.dir/movies/fsf_30.mov"
[2019-12-27 02:41:33,892] [INFO]  Index: "38" Node: "{'begin': '0:00:00.000', 'duration': 166.4, 'in': 0, 'out': 166.4, 'source': '/mnt/kurrenttv_01/media.dir/movies/fsf_30.mov'}"
[2019-12-27 02:41:33,927] [INFO]  Index: "0" Node: "{'begin': '0:00:00.000', 'duration': 0.72, 'in': 0, 'out': 0.72, 'source': '/mnt/kurrenttv_01/media.dir/jingles/short03.mov'}"
[2019-12-27 02:41:33,927] [INFO]  Play: "/mnt/kurrenttv_01/media.dir/jingles/short03.mov"
[2019-12-27 02:41:34,653] [INFO]  Index: "1" Node: "{'begin': '0:00:00.000', 'duration': 0.72, 'in': 0, 'out': 0.72, 'source': '/mnt/kurrenttv_01/media.dir/jingles/short03.mov'}"
[2019-12-27 02:41:34,653] [INFO]  Play: "/mnt/kurrenttv_01/media.dir/jingles/short03.mov"
[2019-12-27 02:41:35,403] [INFO]  Index: "2" Node: "{'begin': '0:00:00.000', 'duration': 5398.272, 'in': 0, 'out': 5398.272, 'source': '/mnt/kurrenttv_01/media.dir/movies/moleman_2.mov'}"
[2019-12-27 02:41:35,403] [INFO]  Play: "/mnt/kurrenttv_01/media.dir/movies/moleman_2.mov"
[2019-12-27 04:09:42,553] [INFO]  Index: "3" Node: "{'begin': '0:00:00.000', 'duration': 800.08, 'in': 0, 'out': 800.08, 'source': '/mnt/kurrenttv_01/media.dir/movies/witch.mov'}"
[2019-12-27 04:09:42,554] [INFO]  Play: "/mnt/kurrenttv_01/media.dir/movies/witch.mov"
[2019-12-27 04:22:40,634] [INFO]  Index: "4" Node: "{'begin': '0:00:00.000', 'duration': 0.48, 'in': 0, 'out': 0.48, 'source': '/mnt/kurrenttv_01/media.dir/jingles/short12.mov'}"
[2019-12-27 04:22:40,647] [INFO]  Play: "/mnt/kurrenttv_01/media.dir/jingles/short12.mov"
[2019-12-27 04:22:41,265] [INFO]  Index: "5" Node: "{'begin': '0:00:00.000', 'duration': 0.72, 'in': 0, 'out': 0.72, 'source': '/mnt/kurrenttv_01/media.dir/jingles/short02.mov'}"
[2019-12-27 04:22:41,266] [INFO]  Play: "/mnt/kurrenttv_01/media.dir/jingles/short02.mov"
[2019-12-27 04:22:42,193] [INFO]  Index: "6" Node: "{'begin': '0:00:00.000', 'duration': 98.04, 'in': 0, 'out': 98.04, 'source': '/mnt/kurrenttv_01/media.dir/trailers/first_orbit_trailer.mov'}"
[2019-12-27 04:22:42,193] [INFO]  Play: "/mnt/kurrenttv_01/media.dir/trailers/first_orbit_trailer.mov"
[2019-12-27 04:24:04,755] [INFO]  Index: "7" Node: "{'begin': '0:00:00.000', 'duration': 1.64, 'in': 0, 'out': 1.64, 'source': '/mnt/kurrenttv_01/media.dir/jingles/tech_short2.mov'}"
[2019-12-27 04:24:04,755] [INFO]  Play: "/mnt/kurrenttv_01/media.dir/jingles/tech_short2.mov"
[2019-12-27 04:24:06,342] [INFO]  Index: "8" Node: "{'begin': '0:00:00.000', 'duration': 619, 'in': 0, 'out': 619, 'source': '/mnt/kurrenttv_01/media.dir/movies/cedric.mov'}"
[2019-12-27 04:24:06,343] [INFO]  Play: "/mnt/kurrenttv_01/media.dir/movies/cedric.mov"
[2019-12-27 04:34:00,278] [INFO]  Index: "9" Node: "{'begin': '0:00:00.000', 'duration': 109.2, 'in': 0, 'out': 109.2, 'source': '/mnt/kurrenttv_01/media.dir/trailers/decay_trailer.mov'}"
[2019-12-27 04:34:00,278] [INFO]  Play: "/mnt/kurrenttv_01/media.dir/trailers/decay_trailer.mov"
[2019-12-27 04:35:45,704] [INFO]  Index: "10" Node: "{'begin': '0:00:00.000', 'duration': 1, 'in': 0, 'out': 1, 'source': '/mnt/kurrenttv_01/media.dir/jingles/short15.mov'}"
[2019-12-27 04:35:45,707] [INFO]  Play: "/mnt/kurrenttv_01/media.dir/jingles/short15.mov"
[2019-12-27 04:35:46,646] [INFO]  Index: "11" Node: "{'begin': '0:00:00.000', 'duration': 53.081, 'in': 0, 'out': 53.081, 'source': '/mnt/kurrenttv_01/media.dir/trailers/zenith_trailer.mov'}"
[2019-12-27 04:35:46,647] [INFO]  Play: "/mnt/kurrenttv_01/media.dir/trailers/zenith_trailer.mov"
[2019-12-27 04:36:38,364] [INFO]  Index: "12" Node: "{'begin': '0:00:00.000', 'duration': 0.72, 'in': 0, 'out': 0.72, 'source': '/mnt/kurrenttv_01/media.dir/jingles/short16.mov'}"
[2019-12-27 04:36:38,364] [INFO]  Play: "/mnt/kurrenttv_01/media.dir/jingles/short16.mov"
[2019-12-27 04:36:39,089] [INFO]  Index: "13" Node: "{'begin': '0:00:00.000', 'duration': 138.29, 'in': 0, 'out': 138.29, 'source': '/mnt/kurrenttv_01/media.dir/trailers/a_thousand_suns_trailer.mov'}"
[2019-12-27 04:36:39,089] [INFO]  Play: "/mnt/kurrenttv_01/media.dir/trailers/a_thousand_suns_trailer.mov"
[2019-12-27 04:38:57,430] [INFO]  Index: "14" Node: "{'begin': '0:00:00.000', 'duration': 0.52, 'in': 0, 'out': 0.52, 'source': '/mnt/kurrenttv_01/media.dir/jingles/short04.mov'}"
[2019-12-27 04:38:57,430] [INFO]  Play: "/mnt/kurrenttv_01/media.dir/jingles/short04.mov"
[2019-12-27 04:38:57,970] [INFO]  Index: "15" Node: "{'begin': '0:00:00.000', 'duration': 0.72, 'in': 0, 'out': 0.72, 'source': '/mnt/kurrenttv_01/media.dir/jingles/short09.mov'}"
[2019-12-27 04:38:57,971] [INFO]  Play: "/mnt/kurrenttv_01/media.dir/jingles/short09.mov"
[2019-12-27 04:38:58,779] [INFO]  Index: "16" Node: "{'begin': '0:00:00.000', 'duration': 1, 'in': 0, 'out': 1, 'source': '/mnt/kurrenttv_01/media.dir/jingles/short14.mov'}"
[2019-12-27 04:38:58,779] [INFO]  Play: "/mnt/kurrenttv_01/media.dir/jingles/short14.mov"
[2019-12-27 04:38:59,753] [INFO]  Index: "17" Node: "{'begin': '0:00:00.000', 'duration': 0.48, 'in': 0, 'out': 0.48, 'source': '/mnt/kurrenttv_01/media.dir/jingles/short12.mov'}"
[2019-12-27 04:38:59,754] [INFO]  Play: "/mnt/kurrenttv_01/media.dir/jingles/short12.mov"
[2019-12-27 04:39:00,269] [INFO]  Index: "18" Node: "{'begin': '0:00:00.000', 'duration': 1, 'in': 0, 'out': 1, 'source': '/mnt/kurrenttv_01/media.dir/jingles/short13.mov'}"
[2019-12-27 04:39:00,270] [INFO]  Play: "/mnt/kurrenttv_01/media.dir/jingles/short13.mov"
[2019-12-27 04:39:01,256] [INFO]  Index: "19" Node: "{'begin': '0:00:00.000', 'duration': 1, 'in': 0, 'out': 1, 'source': '/mnt/kurrenttv_01/media.dir/jingles/short06.mov'}"
[2019-12-27 04:39:01,256] [INFO]  Play: "/mnt/kurrenttv_01/media.dir/jingles/short06.mov"
[2019-12-27 04:39:02,217] [INFO]  Index: "20" Node: "{'begin': '0:00:00.000', 'duration': 0.96, 'in': 0, 'out': 0.96, 'source': '/mnt/kurrenttv_01/media.dir/jingles/short05.mov'}"
[2019-12-27 04:39:02,217] [INFO]  Play: "/mnt/kurrenttv_01/media.dir/jingles/short05.mov"
[2019-12-27 04:39:03,164] [INFO]  Index: "21" Node: "{'begin': '0:00:00.000', 'duration': 50.12, 'in': 0, 'out': 50.12, 'source': '/mnt/kurrenttv_01/media.dir/trailers/sintel_trailer.mov'}"
[2019-12-27 04:39:03,164] [INFO]  Play: "/mnt/kurrenttv_01/media.dir/trailers/sintel_trailer.mov"
[2019-12-27 04:39:49,923] [INFO]  Index: "22" Node: "{'begin': '0:00:00.000', 'duration': 109.2, 'in': 0, 'out': 109.2, 'source': '/mnt/kurrenttv_01/media.dir/trailers/decay_trailer.mov'}"
[2019-12-27 04:39:49,924] [INFO]  Play: "/mnt/kurrenttv_01/media.dir/trailers/decay_trailer.mov"
[2019-12-27 04:41:33,276] [INFO]  Index: "23" Node: "{'begin': '0:00:00.000', 'duration': 77.685, 'in': 0, 'out': 77.685, 'source': '/mnt/kurrenttv_01/media.dir/trailers/gooseberry_project_teaser.mov'}"
[2019-12-27 04:41:33,276] [INFO]  Play: "/mnt/kurrenttv_01/media.dir/trailers/gooseberry_project_teaser.mov"
[2019-12-27 04:42:47,199] [INFO]  Index: "24" Node: "{'begin': '0:00:00.000', 'duration': 704.8, 'in': 0, 'out': 704.8, 'source': '/mnt/kurrenttv_01/media.dir/movies/tears_of_steel.mov'}"
[2019-12-27 04:42:47,199] [INFO]  Play: "/mnt/kurrenttv_01/media.dir/movies/tears_of_steel.mov"
[2019-12-27 04:54:06,720] [INFO]  Index: "25" Node: "{'begin': '0:00:00.000', 'duration': 1, 'in': 0, 'out': 1, 'source': '/mnt/kurrenttv_01/media.dir/jingles/short14.mov'}"
[2019-12-27 04:54:06,721] [INFO]  Play: "/mnt/kurrenttv_01/media.dir/jingles/short14.mov"
[2019-12-27 04:54:07,645] [INFO]  Index: "26" Node: "{'begin': '0:00:00.000', 'duration': 619.08, 'in': 0, 'out': 619.08, 'source': '/mnt/kurrenttv_01/media.dir/movies/schroedingers_room.mov'}"
[2019-12-27 04:54:07,646] [INFO]  Play: "/mnt/kurrenttv_01/media.dir/movies/schroedingers_room.mov"
[2019-12-27 05:03:48,118] [INFO]  Index: "27" Node: "{'begin': '0:00:00.000', 'duration': 5374.018, 'in': 0, 'out': 5374.018, 'source': '/mnt/kurrenttv_01/media.dir/movies/home.mov'}"
[2019-12-27 05:03:48,120] [INFO]  Play: "/mnt/kurrenttv_01/media.dir/movies/home.mov"
[2019-12-27 06:31:17,073] [INFO]  Index: "28" Node: "{'begin': '0:00:00.000', 'duration': 1.24, 'in': 0, 'out': 1.24, 'source': '/mnt/kurrenttv_01/media.dir/jingles/short08.mov'}"
[2019-12-27 06:31:17,080] [INFO]  Play: "/mnt/kurrenttv_01/media.dir/jingles/short08.mov"
[2019-12-27 06:31:18,360] [INFO]  Index: "29" Node: "{'begin': '0:00:00.000', 'duration': 1489.21, 'in': 0, 'out': 1489.21, 'source': '/mnt/kurrenttv_01/media.dir/movies/habitantes_de_babel.mov'}"
[2019-12-27 06:31:18,360] [INFO]  Play: "/mnt/kurrenttv_01/media.dir/movies/habitantes_de_babel.mov"
[2019-12-27 06:54:56,902] [INFO]  Index: "30" Node: "{'begin': '0:00:00.000', 'duration': 91.36, 'in': 0, 'out': 91.36, 'source': '/mnt/kurrenttv_01/media.dir/trailers/l5_trailer.mov'}"
[2019-12-27 06:54:56,920] [INFO]  Play: "/mnt/kurrenttv_01/media.dir/trailers/l5_trailer.mov"
[2019-12-27 06:56:24,245] [INFO]  Index: "31" Node: "{'begin': '0:00:00.000', 'duration': 280.22, 'in': 0, 'out': 280.22, 'source': '/mnt/kurrenttv_01/media.dir/movies/open_source_explained.mov'}"
[2019-12-27 06:56:24,245] [INFO]  Play: "/mnt/kurrenttv_01/media.dir/movies/open_source_explained.mov"
[2019-12-27 07:00:58,313] [INFO]  Index: "32" Node: "{'begin': '0:00:00.000', 'duration': 280.22, 'in': 0, 'out': 280.22, 'source': '/mnt/kurrenttv_01/media.dir/movies/open_source_explained.mov'}"
[2019-12-27 07:00:58,313] [INFO]  Play: "/mnt/kurrenttv_01/media.dir/movies/open_source_explained.mov"
[2019-12-27 07:05:29,026] [INFO]  Index: "33" Node: "{'begin': '0:00:00.000', 'duration': 166.4, 'in': 0, 'out': 166.4, 'source': '/mnt/kurrenttv_01/media.dir/movies/fsf_30.mov'}"
[2019-12-27 07:05:29,026] [INFO]  Play: "/mnt/kurrenttv_01/media.dir/movies/fsf_30.mov"
[2019-12-27 07:08:01,944] [INFO]  Index: "34" Node: "{'begin': '0:00:00.000', 'duration': 1, 'in': 0, 'out': 1, 'source': '/mnt/kurrenttv_01/media.dir/jingles/short13.mov'}"
[2019-12-27 07:08:01,945] [INFO]  Play: "/mnt/kurrenttv_01/media.dir/jingles/short13.mov"
[2019-12-27 07:08:02,965] [INFO]  Index: "35" Node: "{'begin': '0:00:00.000', 'duration': 3.36, 'in': 0, 'out': 3.36, 'source': '/mnt/kurrenttv_01/media.dir/jingles/tech_short1.mov'}"
[2019-12-27 07:08:02,965] [INFO]  Play: "/mnt/kurrenttv_01/media.dir/jingles/tech_short1.mov"
[2019-12-27 07:08:06,416] [INFO]  Index: "36" Node: "{'begin': '0:00:00.000', 'duration': 1.24, 'in': 0, 'out': 1.24, 'source': '/mnt/kurrenttv_01/media.dir/jingles/short08.mov'}"
[2019-12-27 07:08:06,416] [INFO]  Play: "/mnt/kurrenttv_01/media.dir/jingles/short08.mov"
[2019-12-27 07:08:07,605] [INFO]  Index: "37" Node: "{'begin': '0:00:00.000', 'duration': 0.72, 'in': 0, 'out': 0.72, 'source': '/mnt/kurrenttv_01/media.dir/jingles/short17.mov'}"
[2019-12-27 07:08:07,605] [INFO]  Play: "/mnt/kurrenttv_01/media.dir/jingles/short17.mov"
[2019-12-27 07:08:08,359] [INFO]  Index: "38" Node: "{'begin': '0:00:00.000', 'duration': 166.4, 'in': 0, 'out': 166.4, 'source': '/mnt/kurrenttv_01/media.dir/movies/fsf_30.mov'}"
[2019-12-27 07:08:08,359] [INFO]  Play: "/mnt/kurrenttv_01/media.dir/movies/fsf_30.mov"
[2019-12-27 07:10:45,534] [INFO]  Index: "38" Node: "{'begin': '0:00:00.000', 'duration': 166.4, 'in': 0, 'out': 166.4, 'source': '/mnt/kurrenttv_01/media.dir/movies/fsf_30.mov'}"
[2019-12-27 07:10:45,570] [INFO]  Index: "0" Node: "{'begin': '0:00:00.000', 'duration': 0.72, 'in': 0, 'out': 0.72, 'source': '/mnt/kurrenttv_01/media.dir/jingles/short03.mov'}"
[2019-12-27 07:10:45,570] [INFO]  Play: "/mnt/kurrenttv_01/media.dir/jingles/short03.mov"
[2019-12-27 07:10:46,290] [INFO]  Index: "1" Node: "{'begin': '0:00:00.000', 'duration': 0.72, 'in': 0, 'out': 0.72, 'source': '/mnt/kurrenttv_01/media.dir/jingles/short03.mov'}"
[2019-12-27 07:10:46,290] [INFO]  Play: "/mnt/kurrenttv_01/media.dir/jingles/short03.mov"
[2019-12-27 07:10:47,063] [INFO]  Index: "2" Node: "{'begin': '0:00:00.000', 'duration': 5398.272, 'in': 0, 'out': 5398.272, 'source': '/mnt/kurrenttv_01/media.dir/movies/moleman_2.mov'}"
[2019-12-27 07:10:47,063] [INFO]  Play: "/mnt/kurrenttv_01/media.dir/movies/moleman_2.mov"
[2019-12-27 08:38:23,993] [INFO]  Index: "3" Node: "{'begin': '0:00:00.000', 'duration': 800.08, 'in': 0, 'out': 800.08, 'source': '/mnt/kurrenttv_01/media.dir/movies/witch.mov'}"
[2019-12-27 08:38:23,996] [INFO]  Play: "/mnt/kurrenttv_01/media.dir/movies/witch.mov"
[2019-12-27 08:51:09,419] [INFO]  Index: "4" Node: "{'begin': '0:00:00.000', 'duration': 0.48, 'in': 0, 'out': 0.48, 'source': '/mnt/kurrenttv_01/media.dir/jingles/short12.mov'}"
[2019-12-27 08:51:09,420] [INFO]  Play: "/mnt/kurrenttv_01/media.dir/jingles/short12.mov"
[2019-12-27 08:51:10,006] [INFO]  Index: "5" Node: "{'begin': '0:00:00.000', 'duration': 0.72, 'in': 0, 'out': 0.72, 'source': '/mnt/kurrenttv_01/media.dir/jingles/short02.mov'}"
[2019-12-27 08:51:10,006] [INFO]  Play: "/mnt/kurrenttv_01/media.dir/jingles/short02.mov"
[2019-12-27 08:51:10,766] [INFO]  Index: "6" Node: "{'begin': '0:00:00.000', 'duration': 98.04, 'in': 0, 'out': 98.04, 'source': '/mnt/kurrenttv_01/media.dir/trailers/first_orbit_trailer.mov'}"
[2019-12-27 08:51:10,766] [INFO]  Play: "/mnt/kurrenttv_01/media.dir/trailers/first_orbit_trailer.mov"
[2019-12-27 08:52:31,709] [INFO]  Index: "7" Node: "{'begin': '0:00:00.000', 'duration': 1.64, 'in': 0, 'out': 1.64, 'source': '/mnt/kurrenttv_01/media.dir/jingles/tech_short2.mov'}"
[2019-12-27 08:52:31,709] [INFO]  Play: "/mnt/kurrenttv_01/media.dir/jingles/tech_short2.mov"
[2019-12-27 08:52:33,220] [INFO]  Index: "8" Node: "{'begin': '0:00:00.000', 'duration': 619, 'in': 0, 'out': 619, 'source': '/mnt/kurrenttv_01/media.dir/movies/cedric.mov'}"
[2019-12-27 08:52:33,220] [INFO]  Play: "/mnt/kurrenttv_01/media.dir/movies/cedric.mov"
[2019-12-27 09:02:18,388] [INFO]  Index: "9" Node: "{'begin': '0:00:00.000', 'duration': 109.2, 'in': 0, 'out': 109.2, 'source': '/mnt/kurrenttv_01/media.dir/trailers/decay_trailer.mov'}"
[2019-12-27 09:02:18,390] [INFO]  Play: "/mnt/kurrenttv_01/media.dir/trailers/decay_trailer.mov"
[2019-12-27 09:04:01,600] [INFO]  Index: "10" Node: "{'begin': '0:00:00.000', 'duration': 1, 'in': 0, 'out': 1, 'source': '/mnt/kurrenttv_01/media.dir/jingles/short15.mov'}"
[2019-12-27 09:04:01,601] [INFO]  Play: "/mnt/kurrenttv_01/media.dir/jingles/short15.mov"
[2019-12-27 09:04:02,529] [INFO]  Index: "11" Node: "{'begin': '0:00:00.000', 'duration': 53.081, 'in': 0, 'out': 53.081, 'source': '/mnt/kurrenttv_01/media.dir/trailers/zenith_trailer.mov'}"
[2019-12-27 09:04:02,529] [INFO]  Play: "/mnt/kurrenttv_01/media.dir/trailers/zenith_trailer.mov"
[2019-12-27 09:04:53,122] [INFO]  Index: "12" Node: "{'begin': '0:00:00.000', 'duration': 0.72, 'in': 0, 'out': 0.72, 'source': '/mnt/kurrenttv_01/media.dir/jingles/short16.mov'}"
[2019-12-27 09:04:53,123] [INFO]  Play: "/mnt/kurrenttv_01/media.dir/jingles/short16.mov"
[2019-12-27 09:04:53,844] [INFO]  Index: "13" Node: "{'begin': '0:00:00.000', 'duration': 138.29, 'in': 0, 'out': 138.29, 'source': '/mnt/kurrenttv_01/media.dir/trailers/a_thousand_suns_trailer.mov'}"
[2019-12-27 09:04:53,844] [INFO]  Play: "/mnt/kurrenttv_01/media.dir/trailers/a_thousand_suns_trailer.mov"
[2019-12-27 09:07:08,780] [INFO]  Index: "14" Node: "{'begin': '0:00:00.000', 'duration': 0.52, 'in': 0, 'out': 0.52, 'source': '/mnt/kurrenttv_01/media.dir/jingles/short04.mov'}"
[2019-12-27 09:07:08,780] [INFO]  Play: "/mnt/kurrenttv_01/media.dir/jingles/short04.mov"
[2019-12-27 09:07:09,336] [INFO]  Index: "15" Node: "{'begin': '0:00:00.000', 'duration': 0.72, 'in': 0, 'out': 0.72, 'source': '/mnt/kurrenttv_01/media.dir/jingles/short09.mov'}"
[2019-12-27 09:07:09,336] [INFO]  Play: "/mnt/kurrenttv_01/media.dir/jingles/short09.mov"
[2019-12-27 09:07:10,097] [INFO]  Index: "16" Node: "{'begin': '0:00:00.000', 'duration': 1, 'in': 0, 'out': 1, 'source': '/mnt/kurrenttv_01/media.dir/jingles/short14.mov'}"
[2019-12-27 09:07:10,097] [INFO]  Play: "/mnt/kurrenttv_01/media.dir/jingles/short14.mov"
[2019-12-27 09:07:11,050] [INFO]  Index: "17" Node: "{'begin': '0:00:00.000', 'duration': 0.48, 'in': 0, 'out': 0.48, 'source': '/mnt/kurrenttv_01/media.dir/jingles/short12.mov'}"
[2019-12-27 09:07:11,050] [INFO]  Play: "/mnt/kurrenttv_01/media.dir/jingles/short12.mov"
[2019-12-27 09:07:11,595] [INFO]  Index: "18" Node: "{'begin': '0:00:00.000', 'duration': 1, 'in': 0, 'out': 1, 'source': '/mnt/kurrenttv_01/media.dir/jingles/short13.mov'}"
[2019-12-27 09:07:11,595] [INFO]  Play: "/mnt/kurrenttv_01/media.dir/jingles/short13.mov"
[2019-12-27 09:07:12,617] [INFO]  Index: "19" Node: "{'begin': '0:00:00.000', 'duration': 1, 'in': 0, 'out': 1, 'source': '/mnt/kurrenttv_01/media.dir/jingles/short06.mov'}"
[2019-12-27 09:07:12,618] [INFO]  Play: "/mnt/kurrenttv_01/media.dir/jingles/short06.mov"
[2019-12-27 09:07:13,570] [INFO]  Index: "20" Node: "{'begin': '0:00:00.000', 'duration': 0.96, 'in': 0, 'out': 0.96, 'source': '/mnt/kurrenttv_01/media.dir/jingles/short05.mov'}"
[2019-12-27 09:07:13,570] [INFO]  Play: "/mnt/kurrenttv_01/media.dir/jingles/short05.mov"
[2019-12-27 09:07:14,502] [INFO]  Index: "21" Node: "{'begin': '0:00:00.000', 'duration': 50.12, 'in': 0, 'out': 50.12, 'source': '/mnt/kurrenttv_01/media.dir/trailers/sintel_trailer.mov'}"
[2019-12-27 09:07:14,502] [INFO]  Play: "/mnt/kurrenttv_01/media.dir/trailers/sintel_trailer.mov"
[2019-12-27 09:08:02,623] [INFO]  Index: "22" Node: "{'begin': '0:00:00.000', 'duration': 109.2, 'in': 0, 'out': 109.2, 'source': '/mnt/kurrenttv_01/media.dir/trailers/decay_trailer.mov'}"
[2019-12-27 09:08:02,623] [INFO]  Play: "/mnt/kurrenttv_01/media.dir/trailers/decay_trailer.mov"
[2019-12-27 09:09:47,582] [INFO]  Index: "23" Node: "{'begin': '0:00:00.000', 'duration': 77.685, 'in': 0, 'out': 77.685, 'source': '/mnt/kurrenttv_01/media.dir/trailers/gooseberry_project_teaser.mov'}"
[2019-12-27 09:09:47,582] [INFO]  Play: "/mnt/kurrenttv_01/media.dir/trailers/gooseberry_project_teaser.mov"
[2019-12-27 09:11:01,213] [INFO]  Index: "24" Node: "{'begin': '0:00:00.000', 'duration': 704.8, 'in': 0, 'out': 704.8, 'source': '/mnt/kurrenttv_01/media.dir/movies/tears_of_steel.mov'}"
[2019-12-27 09:11:01,214] [INFO]  Play: "/mnt/kurrenttv_01/media.dir/movies/tears_of_steel.mov"
[2019-12-27 09:22:42,735] [INFO]  Index: "25" Node: "{'begin': '0:00:00.000', 'duration': 1, 'in': 0, 'out': 1, 'source': '/mnt/kurrenttv_01/media.dir/jingles/short14.mov'}"
[2019-12-27 09:22:42,737] [INFO]  Play: "/mnt/kurrenttv_01/media.dir/jingles/short14.mov"
[2019-12-27 09:22:43,702] [INFO]  Index: "26" Node: "{'begin': '0:00:00.000', 'duration': 619.08, 'in': 0, 'out': 619.08, 'source': '/mnt/kurrenttv_01/media.dir/movies/schroedingers_room.mov'}"
[2019-12-27 09:22:43,702] [INFO]  Play: "/mnt/kurrenttv_01/media.dir/movies/schroedingers_room.mov"
[2019-12-27 09:32:16,548] [INFO]  Index: "27" Node: "{'begin': '0:00:00.000', 'duration': 5374.018, 'in': 0, 'out': 5374.018, 'source': '/mnt/kurrenttv_01/media.dir/movies/home.mov'}"
[2019-12-27 09:32:16,549] [INFO]  Play: "/mnt/kurrenttv_01/media.dir/movies/home.mov"
[2019-12-27 11:01:58,272] [INFO]  Index: "28" Node: "{'begin': '0:00:00.000', 'duration': 1.24, 'in': 0, 'out': 1.24, 'source': '/mnt/kurrenttv_01/media.dir/jingles/short08.mov'}"
[2019-12-27 11:01:58,273] [INFO]  Play: "/mnt/kurrenttv_01/media.dir/jingles/short08.mov"
[2019-12-27 11:01:59,602] [INFO]  Index: "29" Node: "{'begin': '0:00:00.000', 'duration': 1489.21, 'in': 0, 'out': 1489.21, 'source': '/mnt/kurrenttv_01/media.dir/movies/habitantes_de_babel.mov'}"
[2019-12-27 11:01:59,602] [INFO]  Play: "/mnt/kurrenttv_01/media.dir/movies/habitantes_de_babel.mov"
[2019-12-27 11:25:40,167] [INFO]  Index: "30" Node: "{'begin': '0:00:00.000', 'duration': 91.36, 'in': 0, 'out': 91.36, 'source': '/mnt/kurrenttv_01/media.dir/trailers/l5_trailer.mov'}"
[2019-12-27 11:25:40,169] [INFO]  Play: "/mnt/kurrenttv_01/media.dir/trailers/l5_trailer.mov"
[2019-12-27 11:27:06,968] [INFO]  Index: "31" Node: "{'begin': '0:00:00.000', 'duration': 280.22, 'in': 0, 'out': 280.22, 'source': '/mnt/kurrenttv_01/media.dir/movies/open_source_explained.mov'}"
[2019-12-27 11:27:06,968] [INFO]  Play: "/mnt/kurrenttv_01/media.dir/movies/open_source_explained.mov"
[2019-12-27 11:31:42,518] [INFO]  Index: "32" Node: "{'begin': '0:00:00.000', 'duration': 280.22, 'in': 0, 'out': 280.22, 'source': '/mnt/kurrenttv_01/media.dir/movies/open_source_explained.mov'}"
[2019-12-27 11:31:42,518] [INFO]  Play: "/mnt/kurrenttv_01/media.dir/movies/open_source_explained.mov"
[2019-12-27 11:36:14,180] [INFO]  Index: "33" Node: "{'begin': '0:00:00.000', 'duration': 166.4, 'in': 0, 'out': 166.4, 'source': '/mnt/kurrenttv_01/media.dir/movies/fsf_30.mov'}"
[2019-12-27 11:36:14,180] [INFO]  Play: "/mnt/kurrenttv_01/media.dir/movies/fsf_30.mov"
[2019-12-27 11:38:48,763] [INFO]  Index: "34" Node: "{'begin': '0:00:00.000', 'duration': 1, 'in': 0, 'out': 1, 'source': '/mnt/kurrenttv_01/media.dir/jingles/short13.mov'}"
[2019-12-27 11:38:48,763] [INFO]  Play: "/mnt/kurrenttv_01/media.dir/jingles/short13.mov"
[2019-12-27 11:38:49,741] [INFO]  Index: "35" Node: "{'begin': '0:00:00.000', 'duration': 3.36, 'in': 0, 'out': 3.36, 'source': '/mnt/kurrenttv_01/media.dir/jingles/tech_short1.mov'}"
[2019-12-27 11:38:49,741] [INFO]  Play: "/mnt/kurrenttv_01/media.dir/jingles/tech_short1.mov"
[2019-12-27 11:38:53,192] [INFO]  Index: "36" Node: "{'begin': '0:00:00.000', 'duration': 1.24, 'in': 0, 'out': 1.24, 'source': '/mnt/kurrenttv_01/media.dir/jingles/short08.mov'}"
[2019-12-27 11:38:53,192] [INFO]  Play: "/mnt/kurrenttv_01/media.dir/jingles/short08.mov"
[2019-12-27 11:38:54,395] [INFO]  Index: "37" Node: "{'begin': '0:00:00.000', 'duration': 0.72, 'in': 0, 'out': 0.72, 'source': '/mnt/kurrenttv_01/media.dir/jingles/short17.mov'}"
[2019-12-27 11:38:54,395] [INFO]  Play: "/mnt/kurrenttv_01/media.dir/jingles/short17.mov"
[2019-12-27 11:38:55,157] [INFO]  Index: "38" Node: "{'begin': '0:00:00.000', 'duration': 166.4, 'in': 0, 'out': 166.4, 'source': '/mnt/kurrenttv_01/media.dir/movies/fsf_30.mov'}"
[2019-12-27 11:38:55,157] [INFO]  Play: "/mnt/kurrenttv_01/media.dir/movies/fsf_30.mov"
[2019-12-27 11:41:31,333] [INFO]  Index: "38" Node: "{'begin': '0:00:00.000', 'duration': 166.4, 'in': 0, 'out': 166.4, 'source': '/mnt/kurrenttv_01/media.dir/movies/fsf_30.mov'}"
[2019-12-27 11:41:31,365] [INFO]  Index: "0" Node: "{'begin': '0:00:00.000', 'duration': 0.72, 'in': 0, 'out': 0.72, 'source': '/mnt/kurrenttv_01/media.dir/jingles/short03.mov'}"
[2019-12-27 11:41:31,365] [INFO]  Play: "/mnt/kurrenttv_01/media.dir/jingles/short03.mov"
[2019-12-27 11:41:32,078] [INFO]  Index: "1" Node: "{'begin': '0:00:00.000', 'duration': 0.72, 'in': 0, 'out': 0.72, 'source': '/mnt/kurrenttv_01/media.dir/jingles/short03.mov'}"
[2019-12-27 11:41:32,078] [INFO]  Play: "/mnt/kurrenttv_01/media.dir/jingles/short03.mov"
[2019-12-27 11:41:32,829] [INFO]  Index: "2" Node: "{'begin': '0:00:00.000', 'duration': 5398.272, 'in': 0, 'out': 5398.272, 'source': '/mnt/kurrenttv_01/media.dir/movies/moleman_2.mov'}"
[2019-12-27 11:41:32,829] [INFO]  Play: "/mnt/kurrenttv_01/media.dir/movies/moleman_2.mov"
