*** Starting uWSGI 2.0.18 (64bit) on [Sat Nov 16 16:15:01 2019] ***
compiled with version: 7.4.0 on 16 November 2019 15:01:06
os: Linux-4.15.0-66-generic #75-Ubuntu SMP Tue Oct 1 05:24:09 UTC 2019
nodename: neb-cor-01
machine: x86_64
clock source: unix
pcre jit disabled
detected number of CPU cores: 4
current working directory: /home/iohub/ffplayout/api
detected binary path: /usr/local/bin/uwsgi
*** WARNING: you are running uWSGI without its master process manager ***
your processes number limit is 63920
your memory page size is 4096 bytes
detected max file descriptor number: 1024
lock engine: pthread robust mutexes
thunder lock: disabled (you can enable it with --thunder-lock)
uwsgi socket 0 bound to TCP address 0.0.0.0:5000 fd 3
Python version: 2.7.15+ (default, Oct  7 2019, 17:39:04)  [GCC 7.4.0]
*** Python threads support is disabled. You can enable it with --enable-threads ***
Python main interpreter initialized at 0x5599284704d0
your server socket listen backlog is limited to 100 connections
your mercy for graceful operations on workers is 60 seconds
mapped 72920 bytes (71 KB) for 1 cores
*** Operational MODE: single process ***
Traceback (most recent call last):
  File "./wsgi.py", line 1, in <module>
    from ffplayout_api import app
  File "./ffplayout_api.py", line 23, in <module>
    import os, configparser, subprocess, json
ImportError: No module named configparser
unable to load app 0 (mountpoint='') (callable not found or import error)
*** no app loaded. going in full dynamic mode ***
*** uWSGI is running in multiple interpreter mode ***
spawned uWSGI worker 1 (and the only) (pid: 11290, cores: 1)
--- no python application found, check your startup logs for errors ---
[pid: 11290|app: -1|req: -1/1] 87.72.235.191 () {36 vars in 782 bytes} [Sat Nov 16 16:15:08 2019] GET / => generated 21 bytes in 0 msecs (HTTP/1.1 500) 2 headers in 83 bytes (0 switches on core 0)
--- no python application found, check your startup logs for errors ---
[pid: 11290|app: -1|req: -1/2] 87.72.235.191 () {38 vars in 755 bytes} [Sat Nov 16 16:15:08 2019] GET /favicon.ico => generated 21 bytes in 0 msecs (HTTP/1.1 500) 2 headers in 83 bytes (0 switches on core 0)
--- no python application found, check your startup logs for errors ---
[pid: 11290|app: -1|req: -1/3] 87.72.235.191 () {36 vars in 782 bytes} [Sat Nov 16 16:15:32 2019] GET / => generated 21 bytes in 0 msecs (HTTP/1.1 500) 2 headers in 83 bytes (0 switches on core 0)
--- no python application found, check your startup logs for errors ---
[pid: 11290|app: -1|req: -1/4] 87.72.235.191 () {38 vars in 755 bytes} [Sat Nov 16 16:15:32 2019] GET /favicon.ico => generated 21 bytes in 0 msecs (HTTP/1.1 500) 2 headers in 83 bytes (0 switches on core 0)
--- no python application found, check your startup logs for errors ---
[pid: 11290|app: -1|req: -1/5] 87.72.235.191 () {36 vars in 782 bytes} [Sat Nov 16 16:15:38 2019] GET / => generated 21 bytes in 0 msecs (HTTP/1.1 500) 2 headers in 83 bytes (0 switches on core 0)
--- no python application found, check your startup logs for errors ---
[pid: 11290|app: -1|req: -1/6] 87.72.235.191 () {38 vars in 755 bytes} [Sat Nov 16 16:15:38 2019] GET /favicon.ico => generated 21 bytes in 0 msecs (HTTP/1.1 500) 2 headers in 83 bytes (0 switches on core 0)
*** Starting uWSGI 2.0.18 (64bit) on [Sat Nov 16 16:17:31 2019] ***
compiled with version: 7.4.0 on 16 November 2019 15:01:06
os: Linux-4.15.0-66-generic #75-Ubuntu SMP Tue Oct 1 05:24:09 UTC 2019
nodename: neb-cor-01
machine: x86_64
clock source: unix
pcre jit disabled
detected number of CPU cores: 4
current working directory: /home/iohub/ffplayout/api
detected binary path: /usr/local/bin/uwsgi
*** WARNING: you are running uWSGI without its master process manager ***
your processes number limit is 63920
your memory page size is 4096 bytes
detected max file descriptor number: 1024
lock engine: pthread robust mutexes
thunder lock: disabled (you can enable it with --thunder-lock)
uwsgi socket 0 bound to TCP address 0.0.0.0:5000 fd 3
Python version: 2.7.15+ (default, Oct  7 2019, 17:39:04)  [GCC 7.4.0]
*** Python threads support is disabled. You can enable it with --enable-threads ***
Python main interpreter initialized at 0x56405b339540
your server socket listen backlog is limited to 100 connections
your mercy for graceful operations on workers is 60 seconds
mapped 72920 bytes (71 KB) for 1 cores
*** Operational MODE: single process ***
Traceback (most recent call last):
  File "./wsgi.py", line 1, in <module>
    from ffplayout_api import app
  File "./ffplayout_api.py", line 23, in <module>
    import os, configparser, subprocess, json
ImportError: No module named configparser
unable to load app 0 (mountpoint='') (callable not found or import error)
*** no app loaded. going in full dynamic mode ***
*** uWSGI is running in multiple interpreter mode ***
spawned uWSGI worker 1 (and the only) (pid: 12202, cores: 1)
--- no python application found, check your startup logs for errors ---
[pid: 12202|app: -1|req: -1/1] 87.72.235.191 () {36 vars in 782 bytes} [Sat Nov 16 16:17:37 2019] GET / => generated 21 bytes in 0 msecs (HTTP/1.1 500) 2 headers in 83 bytes (0 switches on core 0)
--- no python application found, check your startup logs for errors ---
[pid: 12202|app: -1|req: -1/2] 87.72.235.191 () {38 vars in 755 bytes} [Sat Nov 16 16:17:37 2019] GET /favicon.ico => generated 21 bytes in 0 msecs (HTTP/1.1 500) 2 headers in 83 bytes (0 switches on core 0)
